2018-04-06 08:58:23.804  INFO 7192 --- [main] e.f.eadmin.eadmin.EadminApplication      : Starting EadminApplication on mvformacion with PID 7192 (C:\Users\formacion\Desktop\eadmin\target\classes started by formacion in C:\Users\formacion\Desktop\eadmin)
2018-04-06 08:58:23.819  INFO 7192 --- [main] e.f.eadmin.eadmin.EadminApplication      : No active profile set, falling back to default profiles: default
2018-04-06 08:58:23.898  INFO 7192 --- [main] ConfigServletWebServerApplicationContext : Refreshing org.springframework.boot.web.servlet.context.AnnotationConfigServletWebServerApplicationContext@21507a04: startup date [Fri Apr 06 08:58:23 CEST 2018]; root of context hierarchy
2018-04-06 08:58:25.382  INFO 7192 --- [main] o.s.b.w.embedded.tomcat.TomcatWebServer  : Tomcat initialized with port(s): 8080 (http)
2018-04-06 08:58:25.400  INFO 7192 --- [main] o.apache.catalina.core.StandardService   : Starting service [Tomcat]
2018-04-06 08:58:25.400  INFO 7192 --- [main] org.apache.catalina.core.StandardEngine  : Starting Servlet Engine: Apache Tomcat/8.5.28
2018-04-06 08:58:25.416  INFO 7192 --- [localhost-startStop-1] o.a.catalina.core.AprLifecycleListener   : The APR based Apache Tomcat Native library which allows optimal performance in production environments was not found on the java.library.path: [C:\Program Files\Java\jre1.8.0_152\bin;C:\WINDOWS\Sun\Java\bin;C:\WINDOWS\system32;C:\WINDOWS;C:/Program Files/Java/jre1.8.0_152/bin/server;C:/Program Files/Java/jre1.8.0_152/bin;C:/Program Files/Java/jre1.8.0_152/lib/amd64;C:\ProgramData\Oracle\Java\javapath;C:\Oracle\product\11.2.0\client_1\bin;C:\WINDOWS\system32;C:\WINDOWS;C:\WINDOWS\System32\Wbem;C:\WINDOWS\System32\WindowsPowerShell\v1.0\;C:\Program Files\TortoiseSVN\bin;C:\Program Files\Git\cmd;c:\Program Files\Microsoft SQL Server\110\Tools\Binn\;c:\Program Files (x86)\Microsoft SQL Server\110\Tools\Binn\;c:\Program Files\Microsoft SQL Server\110\DTS\Binn\;c:\Program Files (x86)\Microsoft SQL Server\110\Tools\Binn\ManagementStudio\;c:\Program Files (x86)\Microsoft Visual Studio 10.0\Common7\IDE\PrivateAssemblies\;c:\Program Files (x86)\Microsoft SQL Server\110\DTS\Binn\;C:\Users\formacion\AppData\Local\Microsoft\WindowsApps;;C:\Program Files\eclipse\jee-oxygen\eclipse;;.]
2018-04-06 08:58:25.713  INFO 7192 --- [localhost-startStop-1] o.a.c.c.C.[Tomcat].[localhost].[/]       : Initializing Spring embedded WebApplicationContext
2018-04-06 08:58:25.713  INFO 7192 --- [localhost-startStop-1] o.s.web.context.ContextLoader            : Root WebApplicationContext: initialization completed in 1815 ms
2018-04-06 08:58:26.135  INFO 7192 --- [localhost-startStop-1] o.s.b.w.servlet.ServletRegistrationBean  : Servlet dispatcherServlet mapped to [/]
2018-04-06 08:58:26.150  INFO 7192 --- [localhost-startStop-1] o.s.b.w.servlet.FilterRegistrationBean   : Mapping filter: 'characterEncodingFilter' to: [/*]
2018-04-06 08:58:26.150  INFO 7192 --- [localhost-startStop-1] o.s.b.w.servlet.FilterRegistrationBean   : Mapping filter: 'hiddenHttpMethodFilter' to: [/*]
2018-04-06 08:58:26.150  INFO 7192 --- [localhost-startStop-1] o.s.b.w.servlet.FilterRegistrationBean   : Mapping filter: 'httpPutFormContentFilter' to: [/*]
2018-04-06 08:58:26.150  INFO 7192 --- [localhost-startStop-1] o.s.b.w.servlet.FilterRegistrationBean   : Mapping filter: 'requestContextFilter' to: [/*]
2018-04-06 08:58:26.229  WARN 7192 --- [main] ConfigServletWebServerApplicationContext : Exception encountered during context initialization - cancelling refresh attempt: org.springframework.beans.factory.UnsatisfiedDependencyException: Error creating bean with name 'cargarDatosIniciales' defined in file [C:\Users\formacion\Desktop\eadmin\target\classes\es\fpdual\eadmin\eadmin\CargarDatosIniciales.class]: Unsatisfied dependency expressed through constructor parameter 0; nested exception is org.springframework.beans.factory.NoSuchBeanDefinitionException: No qualifying bean of type 'es.fpdual.eadmin.eadmin.repositorio.RepositorioDocumento' available: expected at least 1 bean which qualifies as autowire candidate. Dependency annotations: {}
2018-04-06 08:58:26.229  INFO 7192 --- [main] o.apache.catalina.core.StandardService   : Stopping service [Tomcat]
2018-04-06 08:58:26.244  INFO 7192 --- [main] ConditionEvaluationReportLoggingListener : 

Error starting ApplicationContext. To display the conditions report re-run your application with 'debug' enabled.
2018-04-06 08:58:26.384 ERROR 7192 --- [main] o.s.b.d.LoggingFailureAnalysisReporter   : 

***************************
APPLICATION FAILED TO START
***************************

Description:

Parameter 0 of constructor in es.fpdual.eadmin.eadmin.CargarDatosIniciales required a bean of type 'es.fpdual.eadmin.eadmin.repositorio.RepositorioDocumento' that could not be found.


Action:

Consider defining a bean of type 'es.fpdual.eadmin.eadmin.repositorio.RepositorioDocumento' in your configuration.

2018-04-06 09:11:22.405  INFO 2188 --- [main] e.f.eadmin.eadmin.EadminApplication      : Starting EadminApplication on mvformacion with PID 2188 (C:\Users\formacion\Desktop\eadmin\target\classes started by formacion in C:\Users\formacion\Desktop\eadmin)
2018-04-06 09:11:22.405  INFO 2188 --- [main] e.f.eadmin.eadmin.EadminApplication      : No active profile set, falling back to default profiles: default
2018-04-06 09:11:22.468  INFO 2188 --- [main] ConfigServletWebServerApplicationContext : Refreshing org.springframework.boot.web.servlet.context.AnnotationConfigServletWebServerApplicationContext@3a079870: startup date [Fri Apr 06 09:11:22 CEST 2018]; root of context hierarchy
2018-04-06 09:11:23.577  INFO 2188 --- [main] o.s.b.w.embedded.tomcat.TomcatWebServer  : Tomcat initialized with port(s): 8080 (http)
2018-04-06 09:11:23.601  INFO 2188 --- [main] o.apache.catalina.core.StandardService   : Starting service [Tomcat]
2018-04-06 09:11:23.601  INFO 2188 --- [main] org.apache.catalina.core.StandardEngine  : Starting Servlet Engine: Apache Tomcat/8.5.28
2018-04-06 09:11:23.616  INFO 2188 --- [localhost-startStop-1] o.a.catalina.core.AprLifecycleListener   : The APR based Apache Tomcat Native library which allows optimal performance in production environments was not found on the java.library.path: [C:\Program Files\Java\jre1.8.0_152\bin;C:\WINDOWS\Sun\Java\bin;C:\WINDOWS\system32;C:\WINDOWS;C:/Program Files/Java/jre1.8.0_152/bin/server;C:/Program Files/Java/jre1.8.0_152/bin;C:/Program Files/Java/jre1.8.0_152/lib/amd64;C:\ProgramData\Oracle\Java\javapath;C:\Oracle\product\11.2.0\client_1\bin;C:\WINDOWS\system32;C:\WINDOWS;C:\WINDOWS\System32\Wbem;C:\WINDOWS\System32\WindowsPowerShell\v1.0\;C:\Program Files\TortoiseSVN\bin;C:\Program Files\Git\cmd;c:\Program Files\Microsoft SQL Server\110\Tools\Binn\;c:\Program Files (x86)\Microsoft SQL Server\110\Tools\Binn\;c:\Program Files\Microsoft SQL Server\110\DTS\Binn\;c:\Program Files (x86)\Microsoft SQL Server\110\Tools\Binn\ManagementStudio\;c:\Program Files (x86)\Microsoft Visual Studio 10.0\Common7\IDE\PrivateAssemblies\;c:\Program Files (x86)\Microsoft SQL Server\110\DTS\Binn\;C:\Users\formacion\AppData\Local\Microsoft\WindowsApps;;C:\Program Files\eclipse\jee-oxygen\eclipse;;.]
2018-04-06 09:11:23.726  INFO 2188 --- [localhost-startStop-1] o.a.c.c.C.[Tomcat].[localhost].[/]       : Initializing Spring embedded WebApplicationContext
2018-04-06 09:11:23.726  INFO 2188 --- [localhost-startStop-1] o.s.web.context.ContextLoader            : Root WebApplicationContext: initialization completed in 1258 ms
2018-04-06 09:11:23.850  INFO 2188 --- [localhost-startStop-1] o.s.b.w.servlet.ServletRegistrationBean  : Servlet dispatcherServlet mapped to [/]
2018-04-06 09:11:23.850  INFO 2188 --- [localhost-startStop-1] o.s.b.w.servlet.FilterRegistrationBean   : Mapping filter: 'characterEncodingFilter' to: [/*]
2018-04-06 09:11:23.850  INFO 2188 --- [localhost-startStop-1] o.s.b.w.servlet.FilterRegistrationBean   : Mapping filter: 'hiddenHttpMethodFilter' to: [/*]
2018-04-06 09:11:23.850  INFO 2188 --- [localhost-startStop-1] o.s.b.w.servlet.FilterRegistrationBean   : Mapping filter: 'httpPutFormContentFilter' to: [/*]
2018-04-06 09:11:23.850  INFO 2188 --- [localhost-startStop-1] o.s.b.w.servlet.FilterRegistrationBean   : Mapping filter: 'requestContextFilter' to: [/*]
2018-04-06 09:11:23.882  WARN 2188 --- [main] ConfigServletWebServerApplicationContext : Exception encountered during context initialization - cancelling refresh attempt: org.springframework.beans.factory.BeanCreationException: Error creating bean with name 'eadminApplication': Post-processing of merged bean definition failed; nested exception is java.lang.IllegalStateException: Failed to introspect Class [es.fpdual.eadmin.eadmin.EadminApplication] from ClassLoader [sun.misc.Launcher$AppClassLoader@6d06d69c]
2018-04-06 09:11:23.882  INFO 2188 --- [main] o.apache.catalina.core.StandardService   : Stopping service [Tomcat]
2018-04-06 09:11:23.897  INFO 2188 --- [main] ConditionEvaluationReportLoggingListener : 

Error starting ApplicationContext. To display the conditions report re-run your application with 'debug' enabled.
2018-04-06 09:11:23.897 ERROR 2188 --- [main] o.s.boot.SpringApplication               : Application run failed

org.springframework.beans.factory.BeanCreationException: Error creating bean with name 'eadminApplication': Post-processing of merged bean definition failed; nested exception is java.lang.IllegalStateException: Failed to introspect Class [es.fpdual.eadmin.eadmin.EadminApplication] from ClassLoader [sun.misc.Launcher$AppClassLoader@6d06d69c]
	at org.springframework.beans.factory.support.AbstractAutowireCapableBeanFactory.doCreateBean(AbstractAutowireCapableBeanFactory.java:560) ~[spring-beans-5.0.4.RELEASE.jar:5.0.4.RELEASE]
	at org.springframework.beans.factory.support.AbstractAutowireCapableBeanFactory.createBean(AbstractAutowireCapableBeanFactory.java:502) ~[spring-beans-5.0.4.RELEASE.jar:5.0.4.RELEASE]
	at org.springframework.beans.factory.support.AbstractBeanFactory.lambda$doGetBean$0(AbstractBeanFactory.java:312) ~[spring-beans-5.0.4.RELEASE.jar:5.0.4.RELEASE]
	at org.springframework.beans.factory.support.DefaultSingletonBeanRegistry.getSingleton(DefaultSingletonBeanRegistry.java:228) ~[spring-beans-5.0.4.RELEASE.jar:5.0.4.RELEASE]
	at org.springframework.beans.factory.support.AbstractBeanFactory.doGetBean(AbstractBeanFactory.java:310) ~[spring-beans-5.0.4.RELEASE.jar:5.0.4.RELEASE]
	at org.springframework.beans.factory.support.AbstractBeanFactory.getBean(AbstractBeanFactory.java:200) ~[spring-beans-5.0.4.RELEASE.jar:5.0.4.RELEASE]
	at org.springframework.beans.factory.support.DefaultListableBeanFactory.preInstantiateSingletons(DefaultListableBeanFactory.java:760) ~[spring-beans-5.0.4.RELEASE.jar:5.0.4.RELEASE]
	at org.springframework.context.support.AbstractApplicationContext.finishBeanFactoryInitialization(AbstractApplicationContext.java:868) ~[spring-context-5.0.4.RELEASE.jar:5.0.4.RELEASE]
	at org.springframework.context.support.AbstractApplicationContext.refresh(AbstractApplicationContext.java:549) ~[spring-context-5.0.4.RELEASE.jar:5.0.4.RELEASE]
	at org.springframework.boot.web.servlet.context.ServletWebServerApplicationContext.refresh(ServletWebServerApplicationContext.java:140) ~[spring-boot-2.0.0.RELEASE.jar:2.0.0.RELEASE]
	at org.springframework.boot.SpringApplication.refresh(SpringApplication.java:752) [spring-boot-2.0.0.RELEASE.jar:2.0.0.RELEASE]
	at org.springframework.boot.SpringApplication.refreshContext(SpringApplication.java:388) [spring-boot-2.0.0.RELEASE.jar:2.0.0.RELEASE]
	at org.springframework.boot.SpringApplication.run(SpringApplication.java:327) [spring-boot-2.0.0.RELEASE.jar:2.0.0.RELEASE]
	at org.springframework.boot.SpringApplication.run(SpringApplication.java:1246) [spring-boot-2.0.0.RELEASE.jar:2.0.0.RELEASE]
	at org.springframework.boot.SpringApplication.run(SpringApplication.java:1234) [spring-boot-2.0.0.RELEASE.jar:2.0.0.RELEASE]
	at es.fpdual.eadmin.eadmin.EadminApplication.main(EadminApplication.java:49) [classes/:na]
Caused by: java.lang.IllegalStateException: Failed to introspect Class [es.fpdual.eadmin.eadmin.EadminApplication] from ClassLoader [sun.misc.Launcher$AppClassLoader@6d06d69c]
	at org.springframework.util.ReflectionUtils.getDeclaredFields(ReflectionUtils.java:759) ~[spring-core-5.0.4.RELEASE.jar:5.0.4.RELEASE]
	at org.springframework.util.ReflectionUtils.doWithLocalFields(ReflectionUtils.java:691) ~[spring-core-5.0.4.RELEASE.jar:5.0.4.RELEASE]
	at org.springframework.context.annotation.CommonAnnotationBeanPostProcessor.buildResourceMetadata(CommonAnnotationBeanPostProcessor.java:355) ~[spring-context-5.0.4.RELEASE.jar:5.0.4.RELEASE]
	at org.springframework.context.annotation.CommonAnnotationBeanPostProcessor.findResourceMetadata(CommonAnnotationBeanPostProcessor.java:339) ~[spring-context-5.0.4.RELEASE.jar:5.0.4.RELEASE]
	at org.springframework.context.annotation.CommonAnnotationBeanPostProcessor.postProcessMergedBeanDefinition(CommonAnnotationBeanPostProcessor.java:298) ~[spring-context-5.0.4.RELEASE.jar:5.0.4.RELEASE]
	at org.springframework.beans.factory.support.AbstractAutowireCapableBeanFactory.applyMergedBeanDefinitionPostProcessors(AbstractAutowireCapableBeanFactory.java:1016) ~[spring-beans-5.0.4.RELEASE.jar:5.0.4.RELEASE]
	at org.springframework.beans.factory.support.AbstractAutowireCapableBeanFactory.doCreateBean(AbstractAutowireCapableBeanFactory.java:557) ~[spring-beans-5.0.4.RELEASE.jar:5.0.4.RELEASE]
	... 15 common frames omitted
Caused by: java.lang.NoClassDefFoundError: Les/fpdual/eadmin/eadmin/repositorio/impl/RepositorioExpediente;
	at java.lang.Class.getDeclaredFields0(Native Method) ~[na:1.8.0_152]
	at java.lang.Class.privateGetDeclaredFields(Unknown Source) ~[na:1.8.0_152]
	at java.lang.Class.getDeclaredFields(Unknown Source) ~[na:1.8.0_152]
	at org.springframework.util.ReflectionUtils.getDeclaredFields(ReflectionUtils.java:754) ~[spring-core-5.0.4.RELEASE.jar:5.0.4.RELEASE]
	... 21 common frames omitted
Caused by: java.lang.ClassNotFoundException: es.fpdual.eadmin.eadmin.repositorio.impl.RepositorioExpediente
	at java.net.URLClassLoader.findClass(Unknown Source) ~[na:1.8.0_152]
	at java.lang.ClassLoader.loadClass(Unknown Source) ~[na:1.8.0_152]
	at sun.misc.Launcher$AppClassLoader.loadClass(Unknown Source) ~[na:1.8.0_152]
	at java.lang.ClassLoader.loadClass(Unknown Source) ~[na:1.8.0_152]
	... 25 common frames omitted

2018-04-06 09:15:35.722  INFO 1328 --- [main] e.f.eadmin.eadmin.EadminApplication      : Starting EadminApplication on mvformacion with PID 1328 (C:\Users\formacion\Desktop\eadmin\target\classes started by formacion in C:\Users\formacion\Desktop\eadmin)
2018-04-06 09:15:35.722  INFO 1328 --- [main] e.f.eadmin.eadmin.EadminApplication      : No active profile set, falling back to default profiles: default
2018-04-06 09:15:35.768  INFO 1328 --- [main] ConfigServletWebServerApplicationContext : Refreshing org.springframework.boot.web.servlet.context.AnnotationConfigServletWebServerApplicationContext@2b6856dd: startup date [Fri Apr 06 09:15:35 CEST 2018]; root of context hierarchy
2018-04-06 09:15:36.816  INFO 1328 --- [main] o.s.b.w.embedded.tomcat.TomcatWebServer  : Tomcat initialized with port(s): 8080 (http)
2018-04-06 09:15:36.845  INFO 1328 --- [main] o.apache.catalina.core.StandardService   : Starting service [Tomcat]
2018-04-06 09:15:36.845  INFO 1328 --- [main] org.apache.catalina.core.StandardEngine  : Starting Servlet Engine: Apache Tomcat/8.5.28
2018-04-06 09:15:36.861  INFO 1328 --- [localhost-startStop-1] o.a.catalina.core.AprLifecycleListener   : The APR based Apache Tomcat Native library which allows optimal performance in production environments was not found on the java.library.path: [C:\Program Files\Java\jre1.8.0_152\bin;C:\WINDOWS\Sun\Java\bin;C:\WINDOWS\system32;C:\WINDOWS;C:/Program Files/Java/jre1.8.0_152/bin/server;C:/Program Files/Java/jre1.8.0_152/bin;C:/Program Files/Java/jre1.8.0_152/lib/amd64;C:\ProgramData\Oracle\Java\javapath;C:\Oracle\product\11.2.0\client_1\bin;C:\WINDOWS\system32;C:\WINDOWS;C:\WINDOWS\System32\Wbem;C:\WINDOWS\System32\WindowsPowerShell\v1.0\;C:\Program Files\TortoiseSVN\bin;C:\Program Files\Git\cmd;c:\Program Files\Microsoft SQL Server\110\Tools\Binn\;c:\Program Files (x86)\Microsoft SQL Server\110\Tools\Binn\;c:\Program Files\Microsoft SQL Server\110\DTS\Binn\;c:\Program Files (x86)\Microsoft SQL Server\110\Tools\Binn\ManagementStudio\;c:\Program Files (x86)\Microsoft Visual Studio 10.0\Common7\IDE\PrivateAssemblies\;c:\Program Files (x86)\Microsoft SQL Server\110\DTS\Binn\;C:\Users\formacion\AppData\Local\Microsoft\WindowsApps;;C:\Program Files\eclipse\jee-oxygen\eclipse;;.]
2018-04-06 09:15:36.970  INFO 1328 --- [localhost-startStop-1] o.a.c.c.C.[Tomcat].[localhost].[/]       : Initializing Spring embedded WebApplicationContext
2018-04-06 09:15:36.970  INFO 1328 --- [localhost-startStop-1] o.s.web.context.ContextLoader            : Root WebApplicationContext: initialization completed in 1202 ms
2018-04-06 09:15:37.127  INFO 1328 --- [localhost-startStop-1] o.s.b.w.servlet.ServletRegistrationBean  : Servlet dispatcherServlet mapped to [/]
2018-04-06 09:15:37.127  INFO 1328 --- [localhost-startStop-1] o.s.b.w.servlet.FilterRegistrationBean   : Mapping filter: 'characterEncodingFilter' to: [/*]
2018-04-06 09:15:37.127  INFO 1328 --- [localhost-startStop-1] o.s.b.w.servlet.FilterRegistrationBean   : Mapping filter: 'hiddenHttpMethodFilter' to: [/*]
2018-04-06 09:15:37.127  INFO 1328 --- [localhost-startStop-1] o.s.b.w.servlet.FilterRegistrationBean   : Mapping filter: 'httpPutFormContentFilter' to: [/*]
2018-04-06 09:15:37.127  INFO 1328 --- [localhost-startStop-1] o.s.b.w.servlet.FilterRegistrationBean   : Mapping filter: 'requestContextFilter' to: [/*]
2018-04-06 09:15:37.158  WARN 1328 --- [main] ConfigServletWebServerApplicationContext : Exception encountered during context initialization - cancelling refresh attempt: org.springframework.beans.factory.BeanCreationException: Error creating bean with name 'eadminApplication': Post-processing of merged bean definition failed; nested exception is java.lang.IllegalStateException: Failed to introspect Class [es.fpdual.eadmin.eadmin.EadminApplication] from ClassLoader [sun.misc.Launcher$AppClassLoader@6d06d69c]
2018-04-06 09:15:37.158  INFO 1328 --- [main] o.apache.catalina.core.StandardService   : Stopping service [Tomcat]
2018-04-06 09:15:37.173  INFO 1328 --- [main] ConditionEvaluationReportLoggingListener : 

Error starting ApplicationContext. To display the conditions report re-run your application with 'debug' enabled.
2018-04-06 09:15:37.189 ERROR 1328 --- [main] o.s.boot.SpringApplication               : Application run failed

org.springframework.beans.factory.BeanCreationException: Error creating bean with name 'eadminApplication': Post-processing of merged bean definition failed; nested exception is java.lang.IllegalStateException: Failed to introspect Class [es.fpdual.eadmin.eadmin.EadminApplication] from ClassLoader [sun.misc.Launcher$AppClassLoader@6d06d69c]
	at org.springframework.beans.factory.support.AbstractAutowireCapableBeanFactory.doCreateBean(AbstractAutowireCapableBeanFactory.java:560) ~[spring-beans-5.0.4.RELEASE.jar:5.0.4.RELEASE]
	at org.springframework.beans.factory.support.AbstractAutowireCapableBeanFactory.createBean(AbstractAutowireCapableBeanFactory.java:502) ~[spring-beans-5.0.4.RELEASE.jar:5.0.4.RELEASE]
	at org.springframework.beans.factory.support.AbstractBeanFactory.lambda$doGetBean$0(AbstractBeanFactory.java:312) ~[spring-beans-5.0.4.RELEASE.jar:5.0.4.RELEASE]
	at org.springframework.beans.factory.support.DefaultSingletonBeanRegistry.getSingleton(DefaultSingletonBeanRegistry.java:228) ~[spring-beans-5.0.4.RELEASE.jar:5.0.4.RELEASE]
	at org.springframework.beans.factory.support.AbstractBeanFactory.doGetBean(AbstractBeanFactory.java:310) ~[spring-beans-5.0.4.RELEASE.jar:5.0.4.RELEASE]
	at org.springframework.beans.factory.support.AbstractBeanFactory.getBean(AbstractBeanFactory.java:200) ~[spring-beans-5.0.4.RELEASE.jar:5.0.4.RELEASE]
	at org.springframework.beans.factory.support.DefaultListableBeanFactory.preInstantiateSingletons(DefaultListableBeanFactory.java:760) ~[spring-beans-5.0.4.RELEASE.jar:5.0.4.RELEASE]
	at org.springframework.context.support.AbstractApplicationContext.finishBeanFactoryInitialization(AbstractApplicationContext.java:868) ~[spring-context-5.0.4.RELEASE.jar:5.0.4.RELEASE]
	at org.springframework.context.support.AbstractApplicationContext.refresh(AbstractApplicationContext.java:549) ~[spring-context-5.0.4.RELEASE.jar:5.0.4.RELEASE]
	at org.springframework.boot.web.servlet.context.ServletWebServerApplicationContext.refresh(ServletWebServerApplicationContext.java:140) ~[spring-boot-2.0.0.RELEASE.jar:2.0.0.RELEASE]
	at org.springframework.boot.SpringApplication.refresh(SpringApplication.java:752) [spring-boot-2.0.0.RELEASE.jar:2.0.0.RELEASE]
	at org.springframework.boot.SpringApplication.refreshContext(SpringApplication.java:388) [spring-boot-2.0.0.RELEASE.jar:2.0.0.RELEASE]
	at org.springframework.boot.SpringApplication.run(SpringApplication.java:327) [spring-boot-2.0.0.RELEASE.jar:2.0.0.RELEASE]
	at org.springframework.boot.SpringApplication.run(SpringApplication.java:1246) [spring-boot-2.0.0.RELEASE.jar:2.0.0.RELEASE]
	at org.springframework.boot.SpringApplication.run(SpringApplication.java:1234) [spring-boot-2.0.0.RELEASE.jar:2.0.0.RELEASE]
	at es.fpdual.eadmin.eadmin.EadminApplication.main(EadminApplication.java:49) [classes/:na]
Caused by: java.lang.IllegalStateException: Failed to introspect Class [es.fpdual.eadmin.eadmin.EadminApplication] from ClassLoader [sun.misc.Launcher$AppClassLoader@6d06d69c]
	at org.springframework.util.ReflectionUtils.getDeclaredFields(ReflectionUtils.java:759) ~[spring-core-5.0.4.RELEASE.jar:5.0.4.RELEASE]
	at org.springframework.util.ReflectionUtils.doWithLocalFields(ReflectionUtils.java:691) ~[spring-core-5.0.4.RELEASE.jar:5.0.4.RELEASE]
	at org.springframework.context.annotation.CommonAnnotationBeanPostProcessor.buildResourceMetadata(CommonAnnotationBeanPostProcessor.java:355) ~[spring-context-5.0.4.RELEASE.jar:5.0.4.RELEASE]
	at org.springframework.context.annotation.CommonAnnotationBeanPostProcessor.findResourceMetadata(CommonAnnotationBeanPostProcessor.java:339) ~[spring-context-5.0.4.RELEASE.jar:5.0.4.RELEASE]
	at org.springframework.context.annotation.CommonAnnotationBeanPostProcessor.postProcessMergedBeanDefinition(CommonAnnotationBeanPostProcessor.java:298) ~[spring-context-5.0.4.RELEASE.jar:5.0.4.RELEASE]
	at org.springframework.beans.factory.support.AbstractAutowireCapableBeanFactory.applyMergedBeanDefinitionPostProcessors(AbstractAutowireCapableBeanFactory.java:1016) ~[spring-beans-5.0.4.RELEASE.jar:5.0.4.RELEASE]
	at org.springframework.beans.factory.support.AbstractAutowireCapableBeanFactory.doCreateBean(AbstractAutowireCapableBeanFactory.java:557) ~[spring-beans-5.0.4.RELEASE.jar:5.0.4.RELEASE]
	... 15 common frames omitted
Caused by: java.lang.NoClassDefFoundError: Les/fpdual/eadmin/eadmin/repositorio/impl/RepositorioExpediente;
	at java.lang.Class.getDeclaredFields0(Native Method) ~[na:1.8.0_152]
	at java.lang.Class.privateGetDeclaredFields(Unknown Source) ~[na:1.8.0_152]
	at java.lang.Class.getDeclaredFields(Unknown Source) ~[na:1.8.0_152]
	at org.springframework.util.ReflectionUtils.getDeclaredFields(ReflectionUtils.java:754) ~[spring-core-5.0.4.RELEASE.jar:5.0.4.RELEASE]
	... 21 common frames omitted
Caused by: java.lang.ClassNotFoundException: es.fpdual.eadmin.eadmin.repositorio.impl.RepositorioExpediente
	at java.net.URLClassLoader.findClass(Unknown Source) ~[na:1.8.0_152]
	at java.lang.ClassLoader.loadClass(Unknown Source) ~[na:1.8.0_152]
	at sun.misc.Launcher$AppClassLoader.loadClass(Unknown Source) ~[na:1.8.0_152]
	at java.lang.ClassLoader.loadClass(Unknown Source) ~[na:1.8.0_152]
	... 25 common frames omitted

2018-04-06 09:26:04.789  INFO 9820 --- [main] e.f.eadmin.eadmin.EadminApplication      : Starting EadminApplication on mvformacion with PID 9820 (C:\Users\formacion\Desktop\eadmin\target\classes started by formacion in C:\Users\formacion\Desktop\eadmin)
2018-04-06 09:26:04.789  INFO 9820 --- [main] e.f.eadmin.eadmin.EadminApplication      : No active profile set, falling back to default profiles: default
2018-04-06 09:26:04.835  INFO 9820 --- [main] ConfigServletWebServerApplicationContext : Refreshing org.springframework.boot.web.servlet.context.AnnotationConfigServletWebServerApplicationContext@6107227e: startup date [Fri Apr 06 09:26:04 CEST 2018]; root of context hierarchy
2018-04-06 09:26:05.945  INFO 9820 --- [main] o.s.b.w.embedded.tomcat.TomcatWebServer  : Tomcat initialized with port(s): 8080 (http)
2018-04-06 09:26:05.967  INFO 9820 --- [main] o.apache.catalina.core.StandardService   : Starting service [Tomcat]
2018-04-06 09:26:05.967  INFO 9820 --- [main] org.apache.catalina.core.StandardEngine  : Starting Servlet Engine: Apache Tomcat/8.5.28
2018-04-06 09:26:05.982  INFO 9820 --- [localhost-startStop-1] o.a.catalina.core.AprLifecycleListener   : The APR based Apache Tomcat Native library which allows optimal performance in production environments was not found on the java.library.path: [C:\Program Files\Java\jre1.8.0_152\bin;C:\WINDOWS\Sun\Java\bin;C:\WINDOWS\system32;C:\WINDOWS;C:/Program Files/Java/jre1.8.0_152/bin/server;C:/Program Files/Java/jre1.8.0_152/bin;C:/Program Files/Java/jre1.8.0_152/lib/amd64;C:\ProgramData\Oracle\Java\javapath;C:\Oracle\product\11.2.0\client_1\bin;C:\WINDOWS\system32;C:\WINDOWS;C:\WINDOWS\System32\Wbem;C:\WINDOWS\System32\WindowsPowerShell\v1.0\;C:\Program Files\TortoiseSVN\bin;C:\Program Files\Git\cmd;c:\Program Files\Microsoft SQL Server\110\Tools\Binn\;c:\Program Files (x86)\Microsoft SQL Server\110\Tools\Binn\;c:\Program Files\Microsoft SQL Server\110\DTS\Binn\;c:\Program Files (x86)\Microsoft SQL Server\110\Tools\Binn\ManagementStudio\;c:\Program Files (x86)\Microsoft Visual Studio 10.0\Common7\IDE\PrivateAssemblies\;c:\Program Files (x86)\Microsoft SQL Server\110\DTS\Binn\;C:\Users\formacion\AppData\Local\Microsoft\WindowsApps;;C:\Program Files\eclipse\jee-oxygen\eclipse;;.]
2018-04-06 09:26:06.076  INFO 9820 --- [localhost-startStop-1] o.a.c.c.C.[Tomcat].[localhost].[/]       : Initializing Spring embedded WebApplicationContext
2018-04-06 09:26:06.076  INFO 9820 --- [localhost-startStop-1] o.s.web.context.ContextLoader            : Root WebApplicationContext: initialization completed in 1241 ms
2018-04-06 09:26:06.217  INFO 9820 --- [localhost-startStop-1] o.s.b.w.servlet.ServletRegistrationBean  : Servlet dispatcherServlet mapped to [/]
2018-04-06 09:26:06.217  INFO 9820 --- [localhost-startStop-1] o.s.b.w.servlet.FilterRegistrationBean   : Mapping filter: 'characterEncodingFilter' to: [/*]
2018-04-06 09:26:06.217  INFO 9820 --- [localhost-startStop-1] o.s.b.w.servlet.FilterRegistrationBean   : Mapping filter: 'hiddenHttpMethodFilter' to: [/*]
2018-04-06 09:26:06.217  INFO 9820 --- [localhost-startStop-1] o.s.b.w.servlet.FilterRegistrationBean   : Mapping filter: 'httpPutFormContentFilter' to: [/*]
2018-04-06 09:26:06.217  INFO 9820 --- [localhost-startStop-1] o.s.b.w.servlet.FilterRegistrationBean   : Mapping filter: 'requestContextFilter' to: [/*]
2018-04-06 09:26:06.264  WARN 9820 --- [main] ConfigServletWebServerApplicationContext : Exception encountered during context initialization - cancelling refresh attempt: org.springframework.beans.factory.BeanCreationException: Error creating bean with name 'eadminApplication': Post-processing of merged bean definition failed; nested exception is java.lang.IllegalStateException: Failed to introspect Class [es.fpdual.eadmin.eadmin.EadminApplication] from ClassLoader [sun.misc.Launcher$AppClassLoader@6d06d69c]
2018-04-06 09:26:06.264  INFO 9820 --- [main] o.apache.catalina.core.StandardService   : Stopping service [Tomcat]
2018-04-06 09:26:06.279  INFO 9820 --- [main] ConditionEvaluationReportLoggingListener : 

Error starting ApplicationContext. To display the conditions report re-run your application with 'debug' enabled.
2018-04-06 09:26:06.279 ERROR 9820 --- [main] o.s.boot.SpringApplication               : Application run failed

org.springframework.beans.factory.BeanCreationException: Error creating bean with name 'eadminApplication': Post-processing of merged bean definition failed; nested exception is java.lang.IllegalStateException: Failed to introspect Class [es.fpdual.eadmin.eadmin.EadminApplication] from ClassLoader [sun.misc.Launcher$AppClassLoader@6d06d69c]
	at org.springframework.beans.factory.support.AbstractAutowireCapableBeanFactory.doCreateBean(AbstractAutowireCapableBeanFactory.java:560) ~[spring-beans-5.0.4.RELEASE.jar:5.0.4.RELEASE]
	at org.springframework.beans.factory.support.AbstractAutowireCapableBeanFactory.createBean(AbstractAutowireCapableBeanFactory.java:502) ~[spring-beans-5.0.4.RELEASE.jar:5.0.4.RELEASE]
	at org.springframework.beans.factory.support.AbstractBeanFactory.lambda$doGetBean$0(AbstractBeanFactory.java:312) ~[spring-beans-5.0.4.RELEASE.jar:5.0.4.RELEASE]
	at org.springframework.beans.factory.support.DefaultSingletonBeanRegistry.getSingleton(DefaultSingletonBeanRegistry.java:228) ~[spring-beans-5.0.4.RELEASE.jar:5.0.4.RELEASE]
	at org.springframework.beans.factory.support.AbstractBeanFactory.doGetBean(AbstractBeanFactory.java:310) ~[spring-beans-5.0.4.RELEASE.jar:5.0.4.RELEASE]
	at org.springframework.beans.factory.support.AbstractBeanFactory.getBean(AbstractBeanFactory.java:200) ~[spring-beans-5.0.4.RELEASE.jar:5.0.4.RELEASE]
	at org.springframework.beans.factory.support.DefaultListableBeanFactory.preInstantiateSingletons(DefaultListableBeanFactory.java:760) ~[spring-beans-5.0.4.RELEASE.jar:5.0.4.RELEASE]
	at org.springframework.context.support.AbstractApplicationContext.finishBeanFactoryInitialization(AbstractApplicationContext.java:868) ~[spring-context-5.0.4.RELEASE.jar:5.0.4.RELEASE]
	at org.springframework.context.support.AbstractApplicationContext.refresh(AbstractApplicationContext.java:549) ~[spring-context-5.0.4.RELEASE.jar:5.0.4.RELEASE]
	at org.springframework.boot.web.servlet.context.ServletWebServerApplicationContext.refresh(ServletWebServerApplicationContext.java:140) ~[spring-boot-2.0.0.RELEASE.jar:2.0.0.RELEASE]
	at org.springframework.boot.SpringApplication.refresh(SpringApplication.java:752) [spring-boot-2.0.0.RELEASE.jar:2.0.0.RELEASE]
	at org.springframework.boot.SpringApplication.refreshContext(SpringApplication.java:388) [spring-boot-2.0.0.RELEASE.jar:2.0.0.RELEASE]
	at org.springframework.boot.SpringApplication.run(SpringApplication.java:327) [spring-boot-2.0.0.RELEASE.jar:2.0.0.RELEASE]
	at org.springframework.boot.SpringApplication.run(SpringApplication.java:1246) [spring-boot-2.0.0.RELEASE.jar:2.0.0.RELEASE]
	at org.springframework.boot.SpringApplication.run(SpringApplication.java:1234) [spring-boot-2.0.0.RELEASE.jar:2.0.0.RELEASE]
	at es.fpdual.eadmin.eadmin.EadminApplication.main(EadminApplication.java:49) [classes/:na]
Caused by: java.lang.IllegalStateException: Failed to introspect Class [es.fpdual.eadmin.eadmin.EadminApplication] from ClassLoader [sun.misc.Launcher$AppClassLoader@6d06d69c]
	at org.springframework.util.ReflectionUtils.getDeclaredFields(ReflectionUtils.java:759) ~[spring-core-5.0.4.RELEASE.jar:5.0.4.RELEASE]
	at org.springframework.util.ReflectionUtils.doWithLocalFields(ReflectionUtils.java:691) ~[spring-core-5.0.4.RELEASE.jar:5.0.4.RELEASE]
	at org.springframework.context.annotation.CommonAnnotationBeanPostProcessor.buildResourceMetadata(CommonAnnotationBeanPostProcessor.java:355) ~[spring-context-5.0.4.RELEASE.jar:5.0.4.RELEASE]
	at org.springframework.context.annotation.CommonAnnotationBeanPostProcessor.findResourceMetadata(CommonAnnotationBeanPostProcessor.java:339) ~[spring-context-5.0.4.RELEASE.jar:5.0.4.RELEASE]
	at org.springframework.context.annotation.CommonAnnotationBeanPostProcessor.postProcessMergedBeanDefinition(CommonAnnotationBeanPostProcessor.java:298) ~[spring-context-5.0.4.RELEASE.jar:5.0.4.RELEASE]
	at org.springframework.beans.factory.support.AbstractAutowireCapableBeanFactory.applyMergedBeanDefinitionPostProcessors(AbstractAutowireCapableBeanFactory.java:1016) ~[spring-beans-5.0.4.RELEASE.jar:5.0.4.RELEASE]
	at org.springframework.beans.factory.support.AbstractAutowireCapableBeanFactory.doCreateBean(AbstractAutowireCapableBeanFactory.java:557) ~[spring-beans-5.0.4.RELEASE.jar:5.0.4.RELEASE]
	... 15 common frames omitted
Caused by: java.lang.NoClassDefFoundError: Les/fpdual/eadmin/eadmin/repositorio/impl/RepositorioExpediente;
	at java.lang.Class.getDeclaredFields0(Native Method) ~[na:1.8.0_152]
	at java.lang.Class.privateGetDeclaredFields(Unknown Source) ~[na:1.8.0_152]
	at java.lang.Class.getDeclaredFields(Unknown Source) ~[na:1.8.0_152]
	at org.springframework.util.ReflectionUtils.getDeclaredFields(ReflectionUtils.java:754) ~[spring-core-5.0.4.RELEASE.jar:5.0.4.RELEASE]
	... 21 common frames omitted
Caused by: java.lang.ClassNotFoundException: es.fpdual.eadmin.eadmin.repositorio.impl.RepositorioExpediente
	at java.net.URLClassLoader.findClass(Unknown Source) ~[na:1.8.0_152]
	at java.lang.ClassLoader.loadClass(Unknown Source) ~[na:1.8.0_152]
	at sun.misc.Launcher$AppClassLoader.loadClass(Unknown Source) ~[na:1.8.0_152]
	at java.lang.ClassLoader.loadClass(Unknown Source) ~[na:1.8.0_152]
	... 25 common frames omitted

2018-04-06 11:33:58.429  INFO 11100 --- [main] e.f.eadmin.eadmin.EadminApplication      : Starting EadminApplication on mvformacion with PID 11100 (C:\Users\formacion\Desktop\eadmin\target\classes started by formacion in C:\Users\formacion\Desktop\eadmin)
2018-04-06 11:33:58.429  INFO 11100 --- [main] e.f.eadmin.eadmin.EadminApplication      : No active profile set, falling back to default profiles: default
2018-04-06 11:33:58.522  INFO 11100 --- [main] ConfigServletWebServerApplicationContext : Refreshing org.springframework.boot.web.servlet.context.AnnotationConfigServletWebServerApplicationContext@5c1a8622: startup date [Fri Apr 06 11:33:58 CEST 2018]; root of context hierarchy
2018-04-06 11:33:59.772  INFO 11100 --- [main] o.s.b.w.embedded.tomcat.TomcatWebServer  : Tomcat initialized with port(s): 8080 (http)
2018-04-06 11:33:59.793  INFO 11100 --- [main] o.apache.catalina.core.StandardService   : Starting service [Tomcat]
2018-04-06 11:33:59.793  INFO 11100 --- [main] org.apache.catalina.core.StandardEngine  : Starting Servlet Engine: Apache Tomcat/8.5.28
2018-04-06 11:33:59.809  INFO 11100 --- [localhost-startStop-1] o.a.catalina.core.AprLifecycleListener   : The APR based Apache Tomcat Native library which allows optimal performance in production environments was not found on the java.library.path: [C:\Program Files\Java\jre1.8.0_152\bin;C:\WINDOWS\Sun\Java\bin;C:\WINDOWS\system32;C:\WINDOWS;C:/Program Files/Java/jre1.8.0_152/bin/server;C:/Program Files/Java/jre1.8.0_152/bin;C:/Program Files/Java/jre1.8.0_152/lib/amd64;C:\ProgramData\Oracle\Java\javapath;C:\Oracle\product\11.2.0\client_1\bin;C:\WINDOWS\system32;C:\WINDOWS;C:\WINDOWS\System32\Wbem;C:\WINDOWS\System32\WindowsPowerShell\v1.0\;C:\Program Files\TortoiseSVN\bin;C:\Program Files\Git\cmd;c:\Program Files\Microsoft SQL Server\110\Tools\Binn\;c:\Program Files (x86)\Microsoft SQL Server\110\Tools\Binn\;c:\Program Files\Microsoft SQL Server\110\DTS\Binn\;c:\Program Files (x86)\Microsoft SQL Server\110\Tools\Binn\ManagementStudio\;c:\Program Files (x86)\Microsoft Visual Studio 10.0\Common7\IDE\PrivateAssemblies\;c:\Program Files (x86)\Microsoft SQL Server\110\DTS\Binn\;C:\Users\formacion\AppData\Local\Microsoft\WindowsApps;;C:\Program Files\eclipse\jee-oxygen\eclipse;;.]
2018-04-06 11:33:59.933  INFO 11100 --- [localhost-startStop-1] o.a.c.c.C.[Tomcat].[localhost].[/]       : Initializing Spring embedded WebApplicationContext
2018-04-06 11:33:59.933  INFO 11100 --- [localhost-startStop-1] o.s.web.context.ContextLoader            : Root WebApplicationContext: initialization completed in 1411 ms
2018-04-06 11:34:00.089  INFO 11100 --- [localhost-startStop-1] o.s.b.w.servlet.ServletRegistrationBean  : Servlet dispatcherServlet mapped to [/]
2018-04-06 11:34:00.089  INFO 11100 --- [localhost-startStop-1] o.s.b.w.servlet.FilterRegistrationBean   : Mapping filter: 'characterEncodingFilter' to: [/*]
2018-04-06 11:34:00.089  INFO 11100 --- [localhost-startStop-1] o.s.b.w.servlet.FilterRegistrationBean   : Mapping filter: 'hiddenHttpMethodFilter' to: [/*]
2018-04-06 11:34:00.089  INFO 11100 --- [localhost-startStop-1] o.s.b.w.servlet.FilterRegistrationBean   : Mapping filter: 'httpPutFormContentFilter' to: [/*]
2018-04-06 11:34:00.105  INFO 11100 --- [localhost-startStop-1] o.s.b.w.servlet.FilterRegistrationBean   : Mapping filter: 'requestContextFilter' to: [/*]
2018-04-06 11:34:00.136  WARN 11100 --- [main] ConfigServletWebServerApplicationContext : Exception encountered during context initialization - cancelling refresh attempt: org.springframework.beans.factory.BeanCreationException: Error creating bean with name 'eadminApplication': Post-processing of merged bean definition failed; nested exception is java.lang.IllegalStateException: Failed to introspect Class [es.fpdual.eadmin.eadmin.EadminApplication] from ClassLoader [sun.misc.Launcher$AppClassLoader@6d06d69c]
2018-04-06 11:34:00.136  INFO 11100 --- [main] o.apache.catalina.core.StandardService   : Stopping service [Tomcat]
2018-04-06 11:34:00.152  INFO 11100 --- [main] ConditionEvaluationReportLoggingListener : 

Error starting ApplicationContext. To display the conditions report re-run your application with 'debug' enabled.
2018-04-06 11:34:00.152 ERROR 11100 --- [main] o.s.boot.SpringApplication               : Application run failed

org.springframework.beans.factory.BeanCreationException: Error creating bean with name 'eadminApplication': Post-processing of merged bean definition failed; nested exception is java.lang.IllegalStateException: Failed to introspect Class [es.fpdual.eadmin.eadmin.EadminApplication] from ClassLoader [sun.misc.Launcher$AppClassLoader@6d06d69c]
	at org.springframework.beans.factory.support.AbstractAutowireCapableBeanFactory.doCreateBean(AbstractAutowireCapableBeanFactory.java:560) ~[spring-beans-5.0.4.RELEASE.jar:5.0.4.RELEASE]
	at org.springframework.beans.factory.support.AbstractAutowireCapableBeanFactory.createBean(AbstractAutowireCapableBeanFactory.java:502) ~[spring-beans-5.0.4.RELEASE.jar:5.0.4.RELEASE]
	at org.springframework.beans.factory.support.AbstractBeanFactory.lambda$doGetBean$0(AbstractBeanFactory.java:312) ~[spring-beans-5.0.4.RELEASE.jar:5.0.4.RELEASE]
	at org.springframework.beans.factory.support.DefaultSingletonBeanRegistry.getSingleton(DefaultSingletonBeanRegistry.java:228) ~[spring-beans-5.0.4.RELEASE.jar:5.0.4.RELEASE]
	at org.springframework.beans.factory.support.AbstractBeanFactory.doGetBean(AbstractBeanFactory.java:310) ~[spring-beans-5.0.4.RELEASE.jar:5.0.4.RELEASE]
	at org.springframework.beans.factory.support.AbstractBeanFactory.getBean(AbstractBeanFactory.java:200) ~[spring-beans-5.0.4.RELEASE.jar:5.0.4.RELEASE]
	at org.springframework.beans.factory.support.DefaultListableBeanFactory.preInstantiateSingletons(DefaultListableBeanFactory.java:760) ~[spring-beans-5.0.4.RELEASE.jar:5.0.4.RELEASE]
	at org.springframework.context.support.AbstractApplicationContext.finishBeanFactoryInitialization(AbstractApplicationContext.java:868) ~[spring-context-5.0.4.RELEASE.jar:5.0.4.RELEASE]
	at org.springframework.context.support.AbstractApplicationContext.refresh(AbstractApplicationContext.java:549) ~[spring-context-5.0.4.RELEASE.jar:5.0.4.RELEASE]
	at org.springframework.boot.web.servlet.context.ServletWebServerApplicationContext.refresh(ServletWebServerApplicationContext.java:140) ~[spring-boot-2.0.0.RELEASE.jar:2.0.0.RELEASE]
	at org.springframework.boot.SpringApplication.refresh(SpringApplication.java:752) [spring-boot-2.0.0.RELEASE.jar:2.0.0.RELEASE]
	at org.springframework.boot.SpringApplication.refreshContext(SpringApplication.java:388) [spring-boot-2.0.0.RELEASE.jar:2.0.0.RELEASE]
	at org.springframework.boot.SpringApplication.run(SpringApplication.java:327) [spring-boot-2.0.0.RELEASE.jar:2.0.0.RELEASE]
	at org.springframework.boot.SpringApplication.run(SpringApplication.java:1246) [spring-boot-2.0.0.RELEASE.jar:2.0.0.RELEASE]
	at org.springframework.boot.SpringApplication.run(SpringApplication.java:1234) [spring-boot-2.0.0.RELEASE.jar:2.0.0.RELEASE]
	at es.fpdual.eadmin.eadmin.EadminApplication.main(EadminApplication.java:49) [classes/:na]
Caused by: java.lang.IllegalStateException: Failed to introspect Class [es.fpdual.eadmin.eadmin.EadminApplication] from ClassLoader [sun.misc.Launcher$AppClassLoader@6d06d69c]
	at org.springframework.util.ReflectionUtils.getDeclaredFields(ReflectionUtils.java:759) ~[spring-core-5.0.4.RELEASE.jar:5.0.4.RELEASE]
	at org.springframework.util.ReflectionUtils.doWithLocalFields(ReflectionUtils.java:691) ~[spring-core-5.0.4.RELEASE.jar:5.0.4.RELEASE]
	at org.springframework.context.annotation.CommonAnnotationBeanPostProcessor.buildResourceMetadata(CommonAnnotationBeanPostProcessor.java:355) ~[spring-context-5.0.4.RELEASE.jar:5.0.4.RELEASE]
	at org.springframework.context.annotation.CommonAnnotationBeanPostProcessor.findResourceMetadata(CommonAnnotationBeanPostProcessor.java:339) ~[spring-context-5.0.4.RELEASE.jar:5.0.4.RELEASE]
	at org.springframework.context.annotation.CommonAnnotationBeanPostProcessor.postProcessMergedBeanDefinition(CommonAnnotationBeanPostProcessor.java:298) ~[spring-context-5.0.4.RELEASE.jar:5.0.4.RELEASE]
	at org.springframework.beans.factory.support.AbstractAutowireCapableBeanFactory.applyMergedBeanDefinitionPostProcessors(AbstractAutowireCapableBeanFactory.java:1016) ~[spring-beans-5.0.4.RELEASE.jar:5.0.4.RELEASE]
	at org.springframework.beans.factory.support.AbstractAutowireCapableBeanFactory.doCreateBean(AbstractAutowireCapableBeanFactory.java:557) ~[spring-beans-5.0.4.RELEASE.jar:5.0.4.RELEASE]
	... 15 common frames omitted
Caused by: java.lang.NoClassDefFoundError: Les/fpdual/eadmin/eadmin/repositorio/impl/RepositorioExpediente;
	at java.lang.Class.getDeclaredFields0(Native Method) ~[na:1.8.0_152]
	at java.lang.Class.privateGetDeclaredFields(Unknown Source) ~[na:1.8.0_152]
	at java.lang.Class.getDeclaredFields(Unknown Source) ~[na:1.8.0_152]
	at org.springframework.util.ReflectionUtils.getDeclaredFields(ReflectionUtils.java:754) ~[spring-core-5.0.4.RELEASE.jar:5.0.4.RELEASE]
	... 21 common frames omitted
Caused by: java.lang.ClassNotFoundException: es.fpdual.eadmin.eadmin.repositorio.impl.RepositorioExpediente
	at java.net.URLClassLoader.findClass(Unknown Source) ~[na:1.8.0_152]
	at java.lang.ClassLoader.loadClass(Unknown Source) ~[na:1.8.0_152]
	at sun.misc.Launcher$AppClassLoader.loadClass(Unknown Source) ~[na:1.8.0_152]
	at java.lang.ClassLoader.loadClass(Unknown Source) ~[na:1.8.0_152]
	... 25 common frames omitted

